Comparing noarr and polybench using wc...
	NOARR LINES: 393
	POLYBENCH LINES: 452
	NOARR/POLYBENCH - 1: -0.130531

	NOARR CHARS: 17558
	POLYBENCH CHARS: 14424
	NOARR/POLYBENCH - 1: 0.217277

	NOARR AVG LINE LENGTH: 43.6768
	POLYBENCH AVG LINE LENGTH: 30.9115
	NOARR/POLYBENCH - 1: 0.400023
Comparing noarr and polybench using C++ tokenization...
	NOARR TOKENS: 6551
	POLYBENCH TOKENS: 6157
	NOARR/POLYBENCH - 1: 0.0639922

Comparing noarr and polybench using gzip on single kernels
	NOARR SIZE: 7447
	POLYBENCH SIZE: 6011
	NOARR/POLYBENCH - 1: 0.238895
Comparing noarr and polybench using gzipped tar archive...
	NOARR ARCHIVE SIZE: 4115
	POLYBENCH ARCHIVE SIZE: 3446
	NOARR/POLYBENCH - 1: 0.194138
Comparing noarr and polybench using the cyclomatic complexity metric...
	NOARR CYCLOMATIC COMPLEXITY: 153
	POLYBENCH CYCLOMATIC COMPLEXITY: 189
	NOARR/POLYBENCH - 1: -0.190476
Comparing noarr and polybench using the global halstead complexity measures...
	NOARR HALSTEAD LENGTH: 6521
	POLYBENCH HALSTEAD LENGTH: 6127
	NOARR/POLYBENCH - 1: 0.0643055

	NOARR HALSTEAD VOCABULARY: 205
	POLYBENCH HALSTEAD VOCABULARY: 156
	NOARR/POLYBENCH - 1: 0.314103

	NOARR HALSTEAD VOLUME: 50077.9
	POLYBENCH HALSTEAD VOLUME: 44637.7
	NOARR/POLYBENCH - 1: 0.121875

	NOARR HALSTEAD DIFFICULTY: 371.078
	POLYBENCH HALSTEAD DIFFICULTY: 308.648
	NOARR/POLYBENCH - 1: 0.202269

	NOARR HALSTEAD EFFORT: 1.85828e+07
	POLYBENCH HALSTEAD EFFORT: 1.37773e+07
	NOARR/POLYBENCH - 1: 0.348798
Comparing noarr and polybench using the mean Halstead complexity measures...
	NOARR HALSTEAD LENGTH: 420.71
	POLYBENCH HALSTEAD LENGTH: 395.29
	NOARR/POLYBENCH - 1: 0.0643072

	NOARR HALSTEAD VOCABULARY: 42.0645
	POLYBENCH HALSTEAD VOCABULARY: 32
	NOARR/POLYBENCH - 1: 0.314516

	NOARR HALSTEAD VOLUME: 2743.74
	POLYBENCH HALSTEAD VOLUME: 2422.2
	NOARR/POLYBENCH - 1: 0.132747

	NOARR HALSTEAD DIFFICULTY: 59.8074
	POLYBENCH HALSTEAD DIFFICULTY: 55.5656
	NOARR/POLYBENCH - 1: 0.0763386

	NOARR HALSTEAD EFFORT: 674820
	POLYBENCH HALSTEAD EFFORT: 504784
	NOARR/POLYBENCH - 1: 0.336849
Comparing noarr and polybench using the indexation complexity metric...
	NOARR INDEXATION COMPLEXITY: 332
	POLYBENCH INDEXATION COMPLEXITY: 525
	NOARR/POLYBENCH - 1: -0.367619
Comparing noarr and polybench using the subscript complexity metric...
	NOARR SUBSCRIPT COMPLEXITY: 332
	POLYBENCH SUBSCRIPT COMPLEXITY: 1126
	NOARR/POLYBENCH - 1: -0.705151
