gesummv,noarr,13.40
gesummv,noarr,12.41
gesummv,noarr,12.22
gesummv,noarr,13.27
gesummv,noarr,11.84
gesummv,noarr,13.29
gesummv,noarr,12.36
gesummv,noarr,13.22
gesummv,noarr,12.47
gesummv,noarr,12.11
gesummv,noarr-autotuned,14.89
gesummv,noarr-autotuned,12.83
gesummv,noarr-autotuned,13.09
gesummv,noarr-autotuned,13.25
gesummv,noarr-autotuned,13.40
gesummv,noarr-autotuned,13.68
gesummv,noarr-autotuned,12.67
gesummv,noarr-autotuned,12.47
gesummv,noarr-autotuned,13.78
gesummv,noarr-autotuned,13.50
gesummv,baseline,10.63
gesummv,baseline,10.43
gesummv,baseline,10.43
gesummv,baseline,10.72
gesummv,baseline,10.83
gesummv,baseline,10.36
gesummv,baseline,7.42
gesummv,baseline,1.55
gesummv,baseline,0.97
gesummv,baseline,11.99
doitgen,noarr,4.40
doitgen,noarr,30.53
doitgen,noarr,82.28
doitgen,noarr,52.66
doitgen,noarr,13.96
doitgen,noarr,13.69
doitgen,noarr,14.74
doitgen,noarr,13.24
doitgen,noarr,14.03
doitgen,noarr,16.27
doitgen,noarr-autotuned,15.45
doitgen,noarr-autotuned,14.90
doitgen,noarr-autotuned,15.43
doitgen,noarr-autotuned,16.76
doitgen,noarr-autotuned,15.16
doitgen,noarr-autotuned,15.45
doitgen,noarr-autotuned,14.89
doitgen,noarr-autotuned,16.81
doitgen,noarr-autotuned,17.00
doitgen,noarr-autotuned,15.71
doitgen,baseline,11.09
doitgen,baseline,10.42
doitgen,baseline,11.42
doitgen,baseline,9.90
doitgen,baseline,10.82
doitgen,baseline,12.03
doitgen,baseline,11.98
doitgen,baseline,9.90
doitgen,baseline,10.14
doitgen,baseline,5.20
mvt,noarr,5.64
mvt,noarr,6.27
mvt,noarr,13.58
mvt,noarr,11.08
mvt,noarr,11.11
mvt,noarr,10.91
mvt,noarr,11.60
mvt,noarr,11.30
mvt,noarr,11.03
mvt,noarr,13.47
mvt,noarr-autotuned,12.49
mvt,noarr-autotuned,12.11
mvt,noarr-autotuned,13.09
mvt,noarr-autotuned,11.82
mvt,noarr-autotuned,12.97
mvt,noarr-autotuned,12.66
mvt,noarr-autotuned,11.81
mvt,noarr-autotuned,11.72
mvt,noarr-autotuned,11.31
mvt,noarr-autotuned,11.52
mvt,baseline,7.81
mvt,baseline,8.77
mvt,baseline,9.88
mvt,baseline,8.42
mvt,baseline,8.53
mvt,baseline,8.31
mvt,baseline,8.70
mvt,baseline,9.14
mvt,baseline,8.21
mvt,baseline,7.43
2mm,noarr,12.54
2mm,noarr,11.93
2mm,noarr,12.39
2mm,noarr,12.02
2mm,noarr,12.20
2mm,noarr,13.09
2mm,noarr,12.71
2mm,noarr,12.49
2mm,noarr,12.81
2mm,noarr,12.54
2mm,noarr-autotuned,15.09
2mm,noarr-autotuned,15.54
2mm,noarr-autotuned,13.84
2mm,noarr-autotuned,16.77
2mm,noarr-autotuned,15.18
2mm,noarr-autotuned,13.97
2mm,noarr-autotuned,15.02
2mm,noarr-autotuned,14.14
2mm,noarr-autotuned,14.49
2mm,noarr-autotuned,13.93
2mm,baseline,4.06
2mm,baseline,3.58
2mm,baseline,0.93
2mm,baseline,1.16
2mm,baseline,1.17
2mm,baseline,1.04
2mm,baseline,0.95
2mm,baseline,1.08
2mm,baseline,1.03
2mm,baseline,0.80
3mm,noarr,13.23
3mm,noarr,8.99
3mm,noarr,7.62
3mm,noarr,8.46
3mm,noarr,15.84
3mm,noarr,11.35
3mm,noarr,9.65
3mm,noarr,19.41
3mm,noarr,12.32
3mm,noarr,9.44
3mm,noarr-autotuned,25.95
3mm,noarr-autotuned,21.75
3mm,noarr-autotuned,22.30
3mm,noarr-autotuned,25.28
3mm,noarr-autotuned,21.16
3mm,noarr-autotuned,20.42
3mm,noarr-autotuned,24.56
3mm,noarr-autotuned,21.37
3mm,noarr-autotuned,28.24
3mm,noarr-autotuned,33.46
3mm,baseline,12.51
3mm,baseline,8.48
3mm,baseline,3.29
3mm,baseline,1.11
3mm,baseline,1.50
3mm,baseline,12.46
3mm,baseline,12.09
3mm,baseline,7.03
3mm,baseline,8.91
3mm,baseline,3.40
gemm,noarr,19.75
gemm,noarr,11.35
gemm,noarr,3.91
gemm,noarr,4.34
gemm,noarr,3.61
gemm,noarr,4.18
gemm,noarr,4.37
gemm,noarr,3.83
gemm,noarr,4.29
gemm,noarr,3.35
gemm,noarr-autotuned,5.25
gemm,noarr-autotuned,5.12
gemm,noarr-autotuned,5.28
gemm,noarr-autotuned,5.42
gemm,noarr-autotuned,5.46
gemm,noarr-autotuned,6.16
gemm,noarr-autotuned,5.44
gemm,noarr-autotuned,5.47
gemm,noarr-autotuned,5.81
gemm,noarr-autotuned,9.73
gemm,baseline,2.29
gemm,baseline,30.53
gemm,baseline,0.39
gemm,baseline,0.39
gemm,baseline,0.39
gemm,baseline,0.39
gemm,baseline,0.40
gemm,baseline,0.41
gemm,baseline,0.52
gemm,baseline,0.58
gramschmidt,noarr,4.36
gramschmidt,noarr,4.26
gramschmidt,noarr,6.71
gramschmidt,noarr,6.80
gramschmidt,noarr,4.62
gramschmidt,noarr,8.52
gramschmidt,noarr,3.98
gramschmidt,noarr,4.46
gramschmidt,noarr,3.96
gramschmidt,noarr,4.36
gramschmidt,noarr-autotuned,6.44
gramschmidt,noarr-autotuned,3.84
gramschmidt,noarr-autotuned,4.45
gramschmidt,noarr-autotuned,5.94
gramschmidt,noarr-autotuned,5.99
gramschmidt,noarr-autotuned,6.55
gramschmidt,noarr-autotuned,7.50
gramschmidt,noarr-autotuned,6.78
gramschmidt,noarr-autotuned,6.28
gramschmidt,noarr-autotuned,7.03
gramschmidt,baseline,3.72
gramschmidt,baseline,3.57
gramschmidt,baseline,3.19
gramschmidt,baseline,3.67
gramschmidt,baseline,3.64
gramschmidt,baseline,4.02
gramschmidt,baseline,4.42
gramschmidt,baseline,5.07
gramschmidt,baseline,4.54
gramschmidt,baseline,5.86
adi,noarr,6.90
adi,noarr,6.26
adi,noarr,6.83
adi,noarr,8.53
adi,noarr,9.55
adi,noarr,9.78
adi,noarr,7.98
adi,noarr,6.52
adi,noarr,7.03
adi,noarr,6.43
adi,noarr-autotuned,3.73
adi,noarr-autotuned,3.70
adi,noarr-autotuned,3.85
adi,noarr-autotuned,4.20
adi,noarr-autotuned,4.08
adi,noarr-autotuned,4.15
adi,noarr-autotuned,3.84
adi,noarr-autotuned,4.02
adi,noarr-autotuned,10.39
adi,noarr-autotuned,3.67
adi,baseline,0.54
adi,baseline,0.79
adi,baseline,0.67
adi,baseline,0.62
adi,baseline,0.86
adi,baseline,0.70
adi,baseline,0.64
adi,baseline,0.70
adi,baseline,0.62
adi,baseline,1.22
atax,noarr,3.61
atax,noarr,3.34
atax,noarr,3.18
atax,noarr,12.69
atax,noarr,2.94
atax,noarr,4.10
atax,noarr,3.12
atax,noarr,4.68
atax,noarr,6.57
atax,noarr,11.57
atax,noarr-autotuned,7.19
atax,noarr-autotuned,6.13
atax,noarr-autotuned,4.75
atax,noarr-autotuned,10.60
atax,noarr-autotuned,5.47
atax,noarr-autotuned,9.80
atax,noarr-autotuned,10.01
atax,noarr-autotuned,4.48
atax,noarr-autotuned,4.44
atax,noarr-autotuned,9.01
atax,baseline,0.53
atax,baseline,4.27
atax,baseline,4.74
atax,baseline,2.20
atax,baseline,0.97
atax,baseline,1.17
atax,baseline,0.55
atax,baseline,1.19
atax,baseline,1.49
atax,baseline,0.40
bicg,noarr,7.08
bicg,noarr,3.00
bicg,noarr,7.68
bicg,noarr,3.60
bicg,noarr,4.32
bicg,noarr,14.02
bicg,noarr,11.44
bicg,noarr,3.89
bicg,noarr,13.15
bicg,noarr,4.77
bicg,noarr-autotuned,12.22
bicg,noarr-autotuned,8.43
bicg,noarr-autotuned,3.28
bicg,noarr-autotuned,3.27
bicg,noarr-autotuned,3.54
bicg,noarr-autotuned,3.51
bicg,noarr-autotuned,3.22
bicg,noarr-autotuned,3.50
bicg,noarr-autotuned,4.05
bicg,noarr-autotuned,3.43
bicg,baseline,0.42
bicg,baseline,0.53
bicg,baseline,1.44
bicg,baseline,3.11
bicg,baseline,2.78
bicg,baseline,1.42
bicg,baseline,1.13
bicg,baseline,1.08
bicg,baseline,0.96
bicg,baseline,0.96
cholesky,noarr,4.19
cholesky,noarr,4.76
cholesky,noarr,3.62
cholesky,noarr,3.73
cholesky,noarr,3.71
cholesky,noarr,4.70
cholesky,noarr,3.91
cholesky,noarr,3.89
cholesky,noarr,7.54
cholesky,noarr,4.95
cholesky,noarr-autotuned,6.54
cholesky,noarr-autotuned,5.24
cholesky,noarr-autotuned,6.34
cholesky,noarr-autotuned,6.03
cholesky,noarr-autotuned,4.94
cholesky,noarr-autotuned,4.46
cholesky,noarr-autotuned,4.14
cholesky,noarr-autotuned,4.18
cholesky,noarr-autotuned,4.03
cholesky,noarr-autotuned,3.96
cholesky,baseline,0.68
cholesky,baseline,1.18
cholesky,baseline,1.10
cholesky,baseline,0.82
cholesky,baseline,1.12
cholesky,baseline,1.40
cholesky,baseline,2.08
cholesky,baseline,1.48
cholesky,baseline,1.67
cholesky,baseline,0.62
covariance,noarr,6.09
covariance,noarr,3.58
covariance,noarr,10.49
covariance,noarr,4.24
covariance,noarr,20.73
covariance,noarr,3.63
covariance,noarr,5.71
covariance,noarr,3.92
covariance,noarr,8.46
covariance,noarr,4.09
covariance,noarr-autotuned,7.98
covariance,noarr-autotuned,4.80
covariance,noarr-autotuned,5.16
covariance,noarr-autotuned,4.25
covariance,noarr-autotuned,4.21
covariance,noarr-autotuned,4.21
covariance,noarr-autotuned,4.23
covariance,noarr-autotuned,4.18
covariance,noarr-autotuned,4.20
covariance,noarr-autotuned,4.23
covariance,baseline,0.57
covariance,baseline,0.87
covariance,baseline,0.68
covariance,baseline,0.68
covariance,baseline,7.86
covariance,baseline,2.26
covariance,baseline,3.07
covariance,baseline,0.77
covariance,baseline,0.60
covariance,baseline,0.77
deriche,noarr,3.54
deriche,noarr,3.27
deriche,noarr,6.12
deriche,noarr,7.80
deriche,noarr,10.68
deriche,noarr,22.13
deriche,noarr,14.62
deriche,noarr,4.48
deriche,noarr,4.83
deriche,noarr,7.57
deriche,noarr-autotuned,5.78
deriche,noarr-autotuned,6.39
deriche,noarr-autotuned,5.96
deriche,noarr-autotuned,6.73
deriche,noarr-autotuned,6.32
deriche,noarr-autotuned,6.13
deriche,noarr-autotuned,5.76
deriche,noarr-autotuned,5.41
deriche,noarr-autotuned,6.03
deriche,noarr-autotuned,5.78
deriche,baseline,4.58
deriche,baseline,4.69
deriche,baseline,4.53
deriche,baseline,5.36
deriche,baseline,5.36
deriche,baseline,4.84
deriche,baseline,4.41
deriche,baseline,5.25
deriche,baseline,4.82
deriche,baseline,4.81
gemver,noarr,3.58
gemver,noarr,3.19
gemver,noarr,3.54
gemver,noarr,3.60
gemver,noarr,3.75
gemver,noarr,5.25
gemver,noarr,3.40
gemver,noarr,3.30
gemver,noarr,3.09
gemver,noarr,3.30
gemver,noarr-autotuned,5.43
gemver,noarr-autotuned,5.33
gemver,noarr-autotuned,5.32
gemver,noarr-autotuned,6.08
gemver,noarr-autotuned,5.53
gemver,noarr-autotuned,5.48
gemver,noarr-autotuned,5.21
gemver,noarr-autotuned,5.84
gemver,noarr-autotuned,5.52
gemver,noarr-autotuned,5.72
gemver,baseline,2.43
gemver,baseline,0.64
gemver,baseline,0.57
gemver,baseline,0.67
gemver,baseline,0.83
gemver,baseline,0.96
gemver,baseline,0.72
gemver,baseline,0.80
gemver,baseline,0.95
gemver,baseline,0.90
lu,noarr,3.88
lu,noarr,3.82
lu,noarr,3.75
lu,noarr,3.81
lu,noarr,3.90
lu,noarr,4.81
lu,noarr,4.27
lu,noarr,6.12
lu,noarr,4.42
lu,noarr,4.35
lu,noarr-autotuned,26.97
lu,noarr-autotuned,3.84
lu,noarr-autotuned,3.97
lu,noarr-autotuned,3.89
lu,noarr-autotuned,4.23
lu,noarr-autotuned,3.84
lu,noarr-autotuned,6.97
lu,noarr-autotuned,5.73
lu,noarr-autotuned,4.13
lu,noarr-autotuned,4.53
lu,baseline,0.46
lu,baseline,0.42
lu,baseline,0.64
lu,baseline,0.52
lu,baseline,0.44
lu,baseline,0.42
lu,baseline,0.56
lu,baseline,0.61
lu,baseline,0.47
lu,baseline,0.42
fdtd-2d,noarr,6.23
fdtd-2d,noarr,3.68
fdtd-2d,noarr,3.34
fdtd-2d,noarr,3.74
fdtd-2d,noarr,3.51
fdtd-2d,noarr,3.34
fdtd-2d,noarr,3.34
fdtd-2d,noarr,3.34
fdtd-2d,noarr,3.31
fdtd-2d,noarr,3.32
fdtd-2d,noarr-autotuned,4.54
fdtd-2d,noarr-autotuned,4.26
fdtd-2d,noarr-autotuned,4.24
fdtd-2d,noarr-autotuned,4.31
fdtd-2d,noarr-autotuned,4.83
fdtd-2d,noarr-autotuned,4.79
fdtd-2d,noarr-autotuned,5.61
fdtd-2d,noarr-autotuned,6.54
fdtd-2d,noarr-autotuned,3.83
fdtd-2d,noarr-autotuned,3.68
fdtd-2d,baseline,0.61
fdtd-2d,baseline,0.78
fdtd-2d,baseline,0.97
fdtd-2d,baseline,0.73
fdtd-2d,baseline,0.88
fdtd-2d,baseline,0.92
fdtd-2d,baseline,1.38
fdtd-2d,baseline,0.64
fdtd-2d,baseline,0.77
fdtd-2d,baseline,1.08
floyd-warshall,noarr,3.53
floyd-warshall,noarr,3.53
floyd-warshall,noarr,3.55
floyd-warshall,noarr,3.66
floyd-warshall,noarr,3.68
floyd-warshall,noarr,3.25
floyd-warshall,noarr,2.96
floyd-warshall,noarr,3.31
floyd-warshall,noarr,2.84
floyd-warshall,noarr,2.99
floyd-warshall,noarr-autotuned,4.37
floyd-warshall,noarr-autotuned,5.96
floyd-warshall,noarr-autotuned,5.00
floyd-warshall,noarr-autotuned,5.02
floyd-warshall,noarr-autotuned,5.56
floyd-warshall,noarr-autotuned,4.73
floyd-warshall,noarr-autotuned,4.68
floyd-warshall,noarr-autotuned,4.26
floyd-warshall,noarr-autotuned,4.27
floyd-warshall,noarr-autotuned,4.23
floyd-warshall,baseline,0.59
floyd-warshall,baseline,0.70
floyd-warshall,baseline,0.50
floyd-warshall,baseline,0.54
floyd-warshall,baseline,0.53
floyd-warshall,baseline,0.59
floyd-warshall,baseline,0.51
floyd-warshall,baseline,0.52
floyd-warshall,baseline,0.51
floyd-warshall,baseline,4.52
heat-3d,noarr,7.24
heat-3d,noarr,20.10
heat-3d,noarr,6.99
heat-3d,noarr,5.09
heat-3d,noarr,41.15
heat-3d,noarr,18.33
heat-3d,noarr,8.14
heat-3d,noarr,6.02
heat-3d,noarr,4.67
heat-3d,noarr,7.28
heat-3d,noarr-autotuned,7.57
heat-3d,noarr-autotuned,9.60
heat-3d,noarr-autotuned,8.77
heat-3d,noarr-autotuned,11.98
heat-3d,noarr-autotuned,13.56
heat-3d,noarr-autotuned,9.60
heat-3d,noarr-autotuned,8.09
heat-3d,noarr-autotuned,8.74
heat-3d,noarr-autotuned,8.13
heat-3d,noarr-autotuned,8.17
heat-3d,baseline,3.91
heat-3d,baseline,4.68
heat-3d,baseline,4.94
heat-3d,baseline,5.94
heat-3d,baseline,4.39
heat-3d,baseline,0.44
heat-3d,baseline,0.48
heat-3d,baseline,0.51
heat-3d,baseline,0.66
heat-3d,baseline,0.55
jacobi-2d,noarr,9.09
jacobi-2d,noarr,5.70
jacobi-2d,noarr,5.21
jacobi-2d,noarr,2.97
jacobi-2d,noarr,3.21
jacobi-2d,noarr,3.36
jacobi-2d,noarr,6.14
jacobi-2d,noarr,12.15
jacobi-2d,noarr,4.07
jacobi-2d,noarr,4.39
jacobi-2d,noarr-autotuned,4.02
jacobi-2d,noarr-autotuned,4.12
jacobi-2d,noarr-autotuned,3.93
jacobi-2d,noarr-autotuned,3.99
jacobi-2d,noarr-autotuned,3.91
jacobi-2d,noarr-autotuned,4.07
jacobi-2d,noarr-autotuned,4.23
jacobi-2d,noarr-autotuned,5.40
jacobi-2d,noarr-autotuned,4.84
jacobi-2d,noarr-autotuned,6.69
jacobi-2d,baseline,8.36
jacobi-2d,baseline,17.79
jacobi-2d,baseline,5.83
jacobi-2d,baseline,8.21
jacobi-2d,baseline,8.81
jacobi-2d,baseline,12.38
jacobi-2d,baseline,9.56
jacobi-2d,baseline,3.99
jacobi-2d,baseline,8.85
jacobi-2d,baseline,15.47
ludcmp,noarr,7.07
ludcmp,noarr,7.33
ludcmp,noarr,7.09
ludcmp,noarr,7.25
ludcmp,noarr,6.87
ludcmp,noarr,5.59
ludcmp,noarr,4.77
ludcmp,noarr,4.08
ludcmp,noarr,4.17
ludcmp,noarr,4.04
ludcmp,noarr-autotuned,6.03
ludcmp,noarr-autotuned,6.40
ludcmp,noarr-autotuned,10.27
ludcmp,noarr-autotuned,13.01
ludcmp,noarr-autotuned,6.71
ludcmp,noarr-autotuned,7.70
ludcmp,noarr-autotuned,7.19
ludcmp,noarr-autotuned,7.00
ludcmp,noarr-autotuned,6.60
ludcmp,noarr-autotuned,5.37
ludcmp,baseline,0.64
ludcmp,baseline,0.51
ludcmp,baseline,1.14
ludcmp,baseline,0.82
ludcmp,baseline,0.76
ludcmp,baseline,4.48
ludcmp,baseline,1.65
ludcmp,baseline,0.83
ludcmp,baseline,0.71
ludcmp,baseline,6.67
nussinov,noarr,4.36
nussinov,noarr,46.96
nussinov,noarr,4.40
nussinov,noarr,3.28
nussinov,noarr,3.34
nussinov,noarr,3.15
nussinov,noarr,8.89
nussinov,noarr,6.33
nussinov,noarr,9.33
nussinov,noarr,3.25
nussinov,noarr-autotuned,3.43
nussinov,noarr-autotuned,3.70
nussinov,noarr-autotuned,3.45
nussinov,noarr-autotuned,3.49
nussinov,noarr-autotuned,3.46
nussinov,noarr-autotuned,3.68
nussinov,noarr-autotuned,3.51
nussinov,noarr-autotuned,3.61
nussinov,noarr-autotuned,3.93
nussinov,noarr-autotuned,3.53
nussinov,baseline,0.61
nussinov,baseline,0.60
nussinov,baseline,0.59
nussinov,baseline,0.83
nussinov,baseline,0.55
nussinov,baseline,0.82
nussinov,baseline,0.54
nussinov,baseline,0.54
nussinov,baseline,0.56
nussinov,baseline,0.52
seidel-2d,noarr,2.81
seidel-2d,noarr,4.84
seidel-2d,noarr,3.26
seidel-2d,noarr,2.84
seidel-2d,noarr,2.80
seidel-2d,noarr,2.85
seidel-2d,noarr,2.80
seidel-2d,noarr,2.81
seidel-2d,noarr,2.97
seidel-2d,noarr,7.21
seidel-2d,noarr-autotuned,3.42
seidel-2d,noarr-autotuned,3.31
seidel-2d,noarr-autotuned,4.18
seidel-2d,noarr-autotuned,16.17
seidel-2d,noarr-autotuned,38.71
seidel-2d,noarr-autotuned,3.80
seidel-2d,noarr-autotuned,7.03
seidel-2d,noarr-autotuned,3.83
seidel-2d,noarr-autotuned,9.61
seidel-2d,noarr-autotuned,3.53
seidel-2d,baseline,6.75
seidel-2d,baseline,2.36
seidel-2d,baseline,1.35
seidel-2d,baseline,0.73
seidel-2d,baseline,0.49
seidel-2d,baseline,0.63
seidel-2d,baseline,0.45
seidel-2d,baseline,0.52
seidel-2d,baseline,0.50
seidel-2d,baseline,0.38
symm,noarr,3.74
symm,noarr,3.74
symm,noarr,3.73
symm,noarr,3.72
symm,noarr,4.11
symm,noarr,4.20
symm,noarr,4.06
symm,noarr,4.94
symm,noarr,3.90
symm,noarr,4.11
symm,noarr-autotuned,5.81
symm,noarr-autotuned,5.70
symm,noarr-autotuned,5.90
symm,noarr-autotuned,5.57
symm,noarr-autotuned,5.55
symm,noarr-autotuned,5.55
symm,noarr-autotuned,5.83
symm,noarr-autotuned,5.84
symm,noarr-autotuned,5.93
symm,noarr-autotuned,32.55
symm,baseline,11.56
symm,baseline,4.50
symm,baseline,7.82
symm,baseline,3.99
symm,baseline,4.34
symm,baseline,5.12
symm,baseline,5.14
symm,baseline,4.84
symm,baseline,3.48
symm,baseline,0.59
syr2k,noarr,8.14
syr2k,noarr,6.19
syr2k,noarr,6.72
syr2k,noarr,6.36
syr2k,noarr,6.54
syr2k,noarr,6.24
syr2k,noarr,5.94
syr2k,noarr,6.29
syr2k,noarr,6.83
syr2k,noarr,6.46
syr2k,noarr-autotuned,7.50
syr2k,noarr-autotuned,7.28
syr2k,noarr-autotuned,7.68
syr2k,noarr-autotuned,8.51
syr2k,noarr-autotuned,7.20
syr2k,noarr-autotuned,7.92
syr2k,noarr-autotuned,6.29
syr2k,noarr-autotuned,9.26
syr2k,noarr-autotuned,8.04
syr2k,noarr-autotuned,6.75
syr2k,baseline,4.07
syr2k,baseline,3.77
syr2k,baseline,3.17
syr2k,baseline,4.36
syr2k,baseline,3.30
syr2k,baseline,2.36
syr2k,baseline,4.34
syr2k,baseline,5.04
syr2k,baseline,4.40
syr2k,baseline,2.35
syrk,noarr,6.53
syrk,noarr,5.78
syrk,noarr,6.97
syrk,noarr,4.93
syrk,noarr,6.33
syrk,noarr,7.79
syrk,noarr,6.32
syrk,noarr,5.75
syrk,noarr,5.87
syrk,noarr,6.66
syrk,noarr-autotuned,7.27
syrk,noarr-autotuned,6.21
syrk,noarr-autotuned,5.90
syrk,noarr-autotuned,7.53
syrk,noarr-autotuned,7.96
syrk,noarr-autotuned,6.32
syrk,noarr-autotuned,5.12
syrk,noarr-autotuned,4.98
syrk,noarr-autotuned,4.91
syrk,noarr-autotuned,4.92
syrk,baseline,0.84
syrk,baseline,1.15
syrk,baseline,1.02
syrk,baseline,1.17
syrk,baseline,0.78
syrk,baseline,0.55
syrk,baseline,0.68
syrk,baseline,0.53
syrk,baseline,0.58
syrk,baseline,1.57
trisolv,noarr,3.27
trisolv,noarr,3.53
trisolv,noarr,3.45
trisolv,noarr,5.32
trisolv,noarr,3.30
trisolv,noarr,3.65
trisolv,noarr,7.99
trisolv,noarr,11.60
trisolv,noarr,4.87
trisolv,noarr,5.59
trisolv,noarr-autotuned,2.78
trisolv,noarr-autotuned,4.27
trisolv,noarr-autotuned,10.38
trisolv,noarr-autotuned,8.43
trisolv,noarr-autotuned,5.26
trisolv,noarr-autotuned,5.47
trisolv,noarr-autotuned,3.25
trisolv,noarr-autotuned,2.76
trisolv,noarr-autotuned,2.74
trisolv,noarr-autotuned,4.91
trisolv,baseline,0.76
trisolv,baseline,0.94
trisolv,baseline,0.71
trisolv,baseline,0.81
trisolv,baseline,0.87
trisolv,baseline,1.07
trisolv,baseline,0.41
trisolv,baseline,0.65
trisolv,baseline,0.41
trisolv,baseline,0.42
trmm,noarr,6.27
trmm,noarr,10.23
trmm,noarr,4.89
trmm,noarr,3.55
trmm,noarr,3.60
trmm,noarr,3.73
trmm,noarr,3.54
trmm,noarr,3.55
trmm,noarr,3.69
trmm,noarr,3.60
trmm,noarr-autotuned,6.36
trmm,noarr-autotuned,7.06
trmm,noarr-autotuned,5.90
trmm,noarr-autotuned,5.98
trmm,noarr-autotuned,5.61
trmm,noarr-autotuned,5.98
trmm,noarr-autotuned,11.48
trmm,noarr-autotuned,15.20
trmm,noarr-autotuned,9.95
trmm,noarr-autotuned,10.34
trmm,baseline,0.48
trmm,baseline,9.28
trmm,baseline,4.20
trmm,baseline,4.43
trmm,baseline,4.59
trmm,baseline,4.64
trmm,baseline,4.16
trmm,baseline,4.01
trmm,baseline,2.96
trmm,baseline,0.47
